Starting to insert SCIENCE summaries for countries 21-40...

✅ Bulgaria: 2225 characters
✅ Burkina Faso: 2045 characters
✅ Burundi: 2025 characters
✅ Cambodia: 2058 characters
✅ Cameroon: 2187 characters
✅ Canada: 2300 characters
✅ Central African Republic: 2061 characters
✅ Chad: 1996 characters
✅ Chile: 2309 characters
✅ China: 2483 characters
✅ Colombia: 2226 characters
✅ Costa Rica: 2351 characters
✅ Croatia: 2239 characters
✅ Cuba: 2255 characters
✅ Cyprus: 2098 characters
✅ Czechia: 2130 characters
✅ Democratic Republic of the Congo: 2144 characters
✅ Denmark: 2068 characters
✅ Djibouti: 2045 characters
✅ Dominican Republic: 2128 characters

✅ Batch 2 complete! Countries 21-40 saved to database.
