Starting to insert SCIENCE summaries for countries 1-20...

✅ Afghanistan: 2060 characters
✅ Albania: 1933 characters
✅ Algeria: 1958 characters
✅ Angola: 2028 characters
✅ Argentina: 1971 characters
✅ Armenia: 1936 characters
✅ Australia: 1973 characters
✅ Austria: 2012 characters
✅ Azerbaijan: 1940 characters
✅ Bangladesh: 2087 characters
✅ Belarus: 1872 characters
✅ Belgium: 1998 characters
✅ Belize: 1952 characters
✅ Benin: 2103 characters
✅ Bhutan: 2177 characters
✅ Bolivia: 2098 characters
✅ Bosnia and Herzegovina: 2151 characters
✅ Botswana: 2000 characters
✅ Brazil: 2182 characters
✅ Brunei: 2036 characters

✅ Batch 1 complete! Countries 1-20 saved to database.
