🏗️  Real Estate & Housing Summary Generator
================================================================================
📍 Countries 81-120: 40 countries
First: Bahrain | Last: Zimbabwe
================================================================================

🏠 Generating Real Estate summary for Bahrain...
  ❌ Bahrain: Could not resolve authentication method. Expected either apiKey or authToken to be set. Or for one of the "X-Api-Key" or "Authorization" headers to be explicitly omitted
🏠 Generating Real Estate summary for Kuwait...
  ❌ Kuwait: Could not resolve authentication method. Expected either apiKey or authToken to be set. Or for one of the "X-Api-Key" or "Authorization" headers to be explicitly omitted
🏠 Generating Real Estate summary for Oman...
  ❌ Oman: Could not resolve authentication method. Expected either apiKey or authToken to be set. Or for one of the "X-Api-Key" or "Authorization" headers to be explicitly omitted
🏠 Generating Real Estate summary for Qatar...
  ❌ Qatar: Could not resolve authentication method. Expected either apiKey or authToken to be set. Or for one of the "X-Api-Key" or "Authorization" headers to be explicitly omitted
🏠 Generating Real Estate summary for Kazakhstan...
  ❌ Kazakhstan: Could not resolve authentication method. Expected either apiKey or authToken to be set. Or for one of the "X-Api-Key" or "Authorization" headers to be explicitly omitted
🏠 Generating Real Estate summary for Thailand...
  ❌ Thailand: Could not resolve authentication method. Expected either apiKey or authToken to be set. Or for one of the "X-Api-Key" or "Authorization" headers to be explicitly omitted
🏠 Generating Real Estate summary for Vietnam...
  ❌ Vietnam: Could not resolve authentication method. Expected either apiKey or authToken to be set. Or for one of the "X-Api-Key" or "Authorization" headers to be explicitly omitted
🏠 Generating Real Estate summary for Philippines...
  ❌ Philippines: Could not resolve authentication method. Expected either apiKey or authToken to be set. Or for one of the "X-Api-Key" or "Authorization" headers to be explicitly omitted
🏠 Generating Real Estate summary for Malaysia...
  ❌ Malaysia: Could not resolve authentication method. Expected either apiKey or authToken to be set. Or for one of the "X-Api-Key" or "Authorization" headers to be explicitly omitted
🏠 Generating Real Estate summary for Singapore...
  ❌ Singapore: Could not resolve authentication method. Expected either apiKey or authToken to be set. Or for one of the "X-Api-Key" or "Authorization" headers to be explicitly omitted
🏠 Generating Real Estate summary for Taiwan...
  ❌ Taiwan: Could not resolve authentication method. Expected either apiKey or authToken to be set. Or for one of the "X-Api-Key" or "Authorization" headers to be explicitly omitted
🏠 Generating Real Estate summary for Sri Lanka...
  ❌ Sri Lanka: Could not resolve authentication method. Expected either apiKey or authToken to be set. Or for one of the "X-Api-Key" or "Authorization" headers to be explicitly omitted
🏠 Generating Real Estate summary for Yemen...
  ❌ Yemen: Could not resolve authentication method. Expected either apiKey or authToken to be set. Or for one of the "X-Api-Key" or "Authorization" headers to be explicitly omitted
🏠 Generating Real Estate summary for Saudi Arabia...
  ❌ Saudi Arabia: Could not resolve authentication method. Expected either apiKey or authToken to be set. Or for one of the "X-Api-Key" or "Authorization" headers to be explicitly omitted
🏠 Generating Real Estate summary for UAE...
  ❌ UAE: Could not resolve authentication method. Expected either apiKey or authToken to be set. Or for one of the "X-Api-Key" or "Authorization" headers to be explicitly omitted
🏠 Generating Real Estate summary for Lebanon...
  ❌ Lebanon: Could not resolve authentication method. Expected either apiKey or authToken to be set. Or for one of the "X-Api-Key" or "Authorization" headers to be explicitly omitted
🏠 Generating Real Estate summary for Syria...
  ❌ Syria: Could not resolve authentication method. Expected either apiKey or authToken to be set. Or for one of the "X-Api-Key" or "Authorization" headers to be explicitly omitted
🏠 Generating Real Estate summary for Solomon Islands...
  ❌ Solomon Islands: Could not resolve authentication method. Expected either apiKey or authToken to be set. Or for one of the "X-Api-Key" or "Authorization" headers to be explicitly omitted
🏠 Generating Real Estate summary for Vanuatu...
  ❌ Vanuatu: Could not resolve authentication method. Expected either apiKey or authToken to be set. Or for one of the "X-Api-Key" or "Authorization" headers to be explicitly omitted
🏠 Generating Real Estate summary for Samoa...
  ❌ Samoa: Could not resolve authentication method. Expected either apiKey or authToken to be set. Or for one of the "X-Api-Key" or "Authorization" headers to be explicitly omitted
🏠 Generating Real Estate summary for Tonga...
  ❌ Tonga: Could not resolve authentication method. Expected either apiKey or authToken to be set. Or for one of the "X-Api-Key" or "Authorization" headers to be explicitly omitted
🏠 Generating Real Estate summary for Egypt...
  ❌ Egypt: Could not resolve authentication method. Expected either apiKey or authToken to be set. Or for one of the "X-Api-Key" or "Authorization" headers to be explicitly omitted
🏠 Generating Real Estate summary for Ethiopia...
  ❌ Ethiopia: Could not resolve authentication method. Expected either apiKey or authToken to be set. Or for one of the "X-Api-Key" or "Authorization" headers to be explicitly omitted
🏠 Generating Real Estate summary for Kenya...
  ❌ Kenya: Could not resolve authentication method. Expected either apiKey or authToken to be set. Or for one of the "X-Api-Key" or "Authorization" headers to be explicitly omitted
🏠 Generating Real Estate summary for Somalia...
  ❌ Somalia: Could not resolve authentication method. Expected either apiKey or authToken to be set. Or for one of the "X-Api-Key" or "Authorization" headers to be explicitly omitted
🏠 Generating Real Estate summary for Sudan...
  ❌ Sudan: Could not resolve authentication method. Expected either apiKey or authToken to be set. Or for one of the "X-Api-Key" or "Authorization" headers to be explicitly omitted
🏠 Generating Real Estate summary for Algeria...
  ❌ Algeria: Could not resolve authentication method. Expected either apiKey or authToken to be set. Or for one of the "X-Api-Key" or "Authorization" headers to be explicitly omitted
🏠 Generating Real Estate summary for Angola...
  ❌ Angola: Could not resolve authentication method. Expected either apiKey or authToken to be set. Or for one of the "X-Api-Key" or "Authorization" headers to be explicitly omitted
🏠 Generating Real Estate summary for Ghana...
  ❌ Ghana: Could not resolve authentication method. Expected either apiKey or authToken to be set. Or for one of the "X-Api-Key" or "Authorization" headers to be explicitly omitted
🏠 Generating Real Estate summary for Mozambique...
  ❌ Mozambique: Could not resolve authentication method. Expected either apiKey or authToken to be set. Or for one of the "X-Api-Key" or "Authorization" headers to be explicitly omitted
🏠 Generating Real Estate summary for Senegal...
  ❌ Senegal: Could not resolve authentication method. Expected either apiKey or authToken to be set. Or for one of the "X-Api-Key" or "Authorization" headers to be explicitly omitted
🏠 Generating Real Estate summary for Democratic Republic of Congo...
  ❌ Democratic Republic of Congo: Could not resolve authentication method. Expected either apiKey or authToken to be set. Or for one of the "X-Api-Key" or "Authorization" headers to be explicitly omitted
🏠 Generating Real Estate summary for Nigeria...
  ❌ Nigeria: Could not resolve authentication method. Expected either apiKey or authToken to be set. Or for one of the "X-Api-Key" or "Authorization" headers to be explicitly omitted
🏠 Generating Real Estate summary for South Africa...
  ❌ South Africa: Could not resolve authentication method. Expected either apiKey or authToken to be set. Or for one of the "X-Api-Key" or "Authorization" headers to be explicitly omitted
🏠 Generating Real Estate summary for Morocco...
  ❌ Morocco: Could not resolve authentication method. Expected either apiKey or authToken to be set. Or for one of the "X-Api-Key" or "Authorization" headers to be explicitly omitted
🏠 Generating Real Estate summary for Tunisia...
  ❌ Tunisia: Could not resolve authentication method. Expected either apiKey or authToken to be set. Or for one of the "X-Api-Key" or "Authorization" headers to be explicitly omitted
🏠 Generating Real Estate summary for Libya...
  ❌ Libya: Could not resolve authentication method. Expected either apiKey or authToken to be set. Or for one of the "X-Api-Key" or "Authorization" headers to be explicitly omitted
🏠 Generating Real Estate summary for Tanzania...
  ❌ Tanzania: Could not resolve authentication method. Expected either apiKey or authToken to be set. Or for one of the "X-Api-Key" or "Authorization" headers to be explicitly omitted
🏠 Generating Real Estate summary for Uganda...
  ❌ Uganda: Could not resolve authentication method. Expected either apiKey or authToken to be set. Or for one of the "X-Api-Key" or "Authorization" headers to be explicitly omitted
🏠 Generating Real Estate summary for Zimbabwe...
  ❌ Zimbabwe: Could not resolve authentication method. Expected either apiKey or authToken to be set. Or for one of the "X-Api-Key" or "Authorization" headers to be explicitly omitted

================================================================================
✅ Real Estate & Housing Summary Generation Complete!
================================================================================
📊 Results:
   - Successfully saved: 0
   - Errors: 40
   - Total processed: 40

⚠️  Failed Countries:
   - Bahrain: Could not resolve authentication method. Expected either apiKey or authToken to be set. Or for one of the "X-Api-Key" or "Authorization" headers to be explicitly omitted
   - Kuwait: Could not resolve authentication method. Expected either apiKey or authToken to be set. Or for one of the "X-Api-Key" or "Authorization" headers to be explicitly omitted
   - Oman: Could not resolve authentication method. Expected either apiKey or authToken to be set. Or for one of the "X-Api-Key" or "Authorization" headers to be explicitly omitted
   - Qatar: Could not resolve authentication method. Expected either apiKey or authToken to be set. Or for one of the "X-Api-Key" or "Authorization" headers to be explicitly omitted
   - Kazakhstan: Could not resolve authentication method. Expected either apiKey or authToken to be set. Or for one of the "X-Api-Key" or "Authorization" headers to be explicitly omitted
   - Thailand: Could not resolve authentication method. Expected either apiKey or authToken to be set. Or for one of the "X-Api-Key" or "Authorization" headers to be explicitly omitted
   - Vietnam: Could not resolve authentication method. Expected either apiKey or authToken to be set. Or for one of the "X-Api-Key" or "Authorization" headers to be explicitly omitted
   - Philippines: Could not resolve authentication method. Expected either apiKey or authToken to be set. Or for one of the "X-Api-Key" or "Authorization" headers to be explicitly omitted
   - Malaysia: Could not resolve authentication method. Expected either apiKey or authToken to be set. Or for one of the "X-Api-Key" or "Authorization" headers to be explicitly omitted
   - Singapore: Could not resolve authentication method. Expected either apiKey or authToken to be set. Or for one of the "X-Api-Key" or "Authorization" headers to be explicitly omitted
   - Taiwan: Could not resolve authentication method. Expected either apiKey or authToken to be set. Or for one of the "X-Api-Key" or "Authorization" headers to be explicitly omitted
   - Sri Lanka: Could not resolve authentication method. Expected either apiKey or authToken to be set. Or for one of the "X-Api-Key" or "Authorization" headers to be explicitly omitted
   - Yemen: Could not resolve authentication method. Expected either apiKey or authToken to be set. Or for one of the "X-Api-Key" or "Authorization" headers to be explicitly omitted
   - Saudi Arabia: Could not resolve authentication method. Expected either apiKey or authToken to be set. Or for one of the "X-Api-Key" or "Authorization" headers to be explicitly omitted
   - UAE: Could not resolve authentication method. Expected either apiKey or authToken to be set. Or for one of the "X-Api-Key" or "Authorization" headers to be explicitly omitted
   - Lebanon: Could not resolve authentication method. Expected either apiKey or authToken to be set. Or for one of the "X-Api-Key" or "Authorization" headers to be explicitly omitted
   - Syria: Could not resolve authentication method. Expected either apiKey or authToken to be set. Or for one of the "X-Api-Key" or "Authorization" headers to be explicitly omitted
   - Solomon Islands: Could not resolve authentication method. Expected either apiKey or authToken to be set. Or for one of the "X-Api-Key" or "Authorization" headers to be explicitly omitted
   - Vanuatu: Could not resolve authentication method. Expected either apiKey or authToken to be set. Or for one of the "X-Api-Key" or "Authorization" headers to be explicitly omitted
   - Samoa: Could not resolve authentication method. Expected either apiKey or authToken to be set. Or for one of the "X-Api-Key" or "Authorization" headers to be explicitly omitted
   - Tonga: Could not resolve authentication method. Expected either apiKey or authToken to be set. Or for one of the "X-Api-Key" or "Authorization" headers to be explicitly omitted
   - Egypt: Could not resolve authentication method. Expected either apiKey or authToken to be set. Or for one of the "X-Api-Key" or "Authorization" headers to be explicitly omitted
   - Ethiopia: Could not resolve authentication method. Expected either apiKey or authToken to be set. Or for one of the "X-Api-Key" or "Authorization" headers to be explicitly omitted
   - Kenya: Could not resolve authentication method. Expected either apiKey or authToken to be set. Or for one of the "X-Api-Key" or "Authorization" headers to be explicitly omitted
   - Somalia: Could not resolve authentication method. Expected either apiKey or authToken to be set. Or for one of the "X-Api-Key" or "Authorization" headers to be explicitly omitted
   - Sudan: Could not resolve authentication method. Expected either apiKey or authToken to be set. Or for one of the "X-Api-Key" or "Authorization" headers to be explicitly omitted
   - Algeria: Could not resolve authentication method. Expected either apiKey or authToken to be set. Or for one of the "X-Api-Key" or "Authorization" headers to be explicitly omitted
   - Angola: Could not resolve authentication method. Expected either apiKey or authToken to be set. Or for one of the "X-Api-Key" or "Authorization" headers to be explicitly omitted
   - Ghana: Could not resolve authentication method. Expected either apiKey or authToken to be set. Or for one of the "X-Api-Key" or "Authorization" headers to be explicitly omitted
   - Mozambique: Could not resolve authentication method. Expected either apiKey or authToken to be set. Or for one of the "X-Api-Key" or "Authorization" headers to be explicitly omitted
   - Senegal: Could not resolve authentication method. Expected either apiKey or authToken to be set. Or for one of the "X-Api-Key" or "Authorization" headers to be explicitly omitted
   - Democratic Republic of Congo: Could not resolve authentication method. Expected either apiKey or authToken to be set. Or for one of the "X-Api-Key" or "Authorization" headers to be explicitly omitted
   - Nigeria: Could not resolve authentication method. Expected either apiKey or authToken to be set. Or for one of the "X-Api-Key" or "Authorization" headers to be explicitly omitted
   - South Africa: Could not resolve authentication method. Expected either apiKey or authToken to be set. Or for one of the "X-Api-Key" or "Authorization" headers to be explicitly omitted
   - Morocco: Could not resolve authentication method. Expected either apiKey or authToken to be set. Or for one of the "X-Api-Key" or "Authorization" headers to be explicitly omitted
   - Tunisia: Could not resolve authentication method. Expected either apiKey or authToken to be set. Or for one of the "X-Api-Key" or "Authorization" headers to be explicitly omitted
   - Libya: Could not resolve authentication method. Expected either apiKey or authToken to be set. Or for one of the "X-Api-Key" or "Authorization" headers to be explicitly omitted
   - Tanzania: Could not resolve authentication method. Expected either apiKey or authToken to be set. Or for one of the "X-Api-Key" or "Authorization" headers to be explicitly omitted
   - Uganda: Could not resolve authentication method. Expected either apiKey or authToken to be set. Or for one of the "X-Api-Key" or "Authorization" headers to be explicitly omitted
   - Zimbabwe: Could not resolve authentication method. Expected either apiKey or authToken to be set. Or for one of the "X-Api-Key" or "Authorization" headers to be explicitly omitted

📋 Summary Details:
   Category: realestate
   Perspective: YIMBY-focused housing market expert (Matt Yglesias style)
   Summary Length: 2,000-3,000 characters
   Issues per country: 3-5
